<?xml version="1.0" encoding="UTF-8"?>
<!-- Generated by org.testng.reporters.JUnitReportReporter -->
<testsuite skipped="0" hostname="BDC4-D-1SR1N62" name="test1.NewTest2" tests="1" failures="0" timestamp="07 Feb 2019 09:58:35 GMT" time="30.281" errors="0">
  <testcase name="f" time="30.281" classname="test1.NewTest2"/>
</testsuite> <!-- test1.NewTest2 -->
