<?xml version="1.0" encoding="UTF-8"?>
<!-- Generated by org.testng.reporters.JUnitReportReporter -->
<testsuite skipped="0" hostname="BDC4-D-1SR1N62" name="test1.NewTest" tests="1" failures="0" timestamp="08 Feb 2019 07:22:53 GMT" time="21.102" errors="0">
  <testcase name="f" time="21.102" classname="test1.NewTest"/>
</testsuite> <!-- test1.NewTest -->
