<?xml version="1.0" encoding="UTF-8"?>
<!-- Generated by org.testng.reporters.JUnitReportReporter -->
<testsuite skipped="0" hostname="BDC4-D-1SR1N62" name="test1.NewTest4" tests="1" failures="0" timestamp="08 Feb 2019 04:53:41 GMT" time="1.622" errors="0">
  <testcase name="f" time="1.622" classname="test1.NewTest4"/>
</testsuite> <!-- test1.NewTest4 -->
