<?xml version="1.0" encoding="UTF-8"?>
<!-- Generated by org.testng.reporters.JUnitReportReporter -->
<testsuite skipped="3" hostname="BDC4-D-1SR1N62" name="test1.TestLoginDemoWebShop" tests="4" failures="0" timestamp="08 Feb 2019 09:58:21 GMT" time="0.000" errors="1">
  <testcase name="beforemethod" time="0.000" classname="test1.TestLoginDemoWebShop">
    <error type="org.testng.TestNGException" message="
Can inject only one of &lt;ITestContext, XmlTest&gt; into a @BeforeClass annotated beforemethod.
For more information on native dependency injection please refer to http://testng.org/doc/documentation-main.html#native-dependency-injection">
      <![CDATA[org.testng.TestNGException: 
Can inject only one of <ITestContext, XmlTest> into a @BeforeClass annotated beforemethod.
For more information on native dependency injection please refer to http://testng.org/doc/documentation-main.html#native-dependency-injection
at org.testng.internal.Parameters.checkParameterTypes(Parameters.java:407)
at org.testng.internal.Parameters.createParametersForMethod(Parameters.java:356)
at org.testng.internal.Parameters.createParameters(Parameters.java:635)
at org.testng.internal.Parameters.createConfigurationParameters(Parameters.java:190)
at org.testng.internal.Invoker.invokeConfigurations(Invoker.java:209)
at org.testng.internal.Invoker.invokeConfigurations(Invoker.java:142)
at org.testng.internal.TestMethodWorker.invokeBeforeClassMethods(TestMethodWorker.java:168)
at org.testng.internal.TestMethodWorker.run(TestMethodWorker.java:105)
at java.util.concurrent.ThreadPoolExecutor.runWorker(ThreadPoolExecutor.java:1149)
at java.util.concurrent.ThreadPoolExecutor$Worker.run(ThreadPoolExecutor.java:624)
at java.lang.Thread.run(Thread.java:748)
]]>
    </error>
  </testcase> <!-- beforemethod -->
  <testcase name="testDemoWebShopLogin" time="0.000" classname="test1.TestLoginDemoWebShop">
    <skipped/>
  </testcase> <!-- testDemoWebShopLogin -->
  <testcase name="testDemoWebShopLogin" time="0.000" classname="test1.TestLoginDemoWebShop">
    <skipped/>
  </testcase> <!-- testDemoWebShopLogin -->
  <testcase name="testDemoWebShopLogin" time="0.000" classname="test1.TestLoginDemoWebShop">
    <skipped/>
  </testcase> <!-- testDemoWebShopLogin -->
</testsuite> <!-- test1.TestLoginDemoWebShop -->
